[2017-03-28 00:06:34][INFO] Reading and parsing VEP/vcfanno-annotated VCF file - ../../../examples/tumor_sample.BRCA.vcf.gz
[2017-03-28 00:07:15][INFO] Extending annotation descriptions related to PFAM protein domains
[2017-03-28 00:07:15][INFO] Extending annotation descriptions related to UniprotKB/SwissProt protein features
[2017-03-28 00:07:15][INFO] Extending annotation descriptions related to Database of Curated Mutations (DoCM)
[2017-03-28 00:08:00][INFO] Extending annotation descriptions related to PFAM protein domains
[2017-03-28 00:08:00][INFO] Extending annotation descriptions related to UniprotKB/SwissProt protein features
[2017-03-28 00:08:02][INFO] Extending annotation descriptions related to Database of Curated Mutations (DoCM)
[2017-03-29 22:54:02][INFO] Detected 75 segments subject to amplification/deletion
[2017-03-31 23:28:32][STOP] File tumor_sample.COAD.pcgr.vcf.gz does not exist or has zero size
[2017-03-31 23:30:29][STOP] File /Users/sigven/research/docker/pcgr/src/R/pcgrr2/tumor_sample.COAD.pcgr.vcf.gz does not exist or has zero size
[2017-03-31 23:30:54][INFO] Reading and parsing VEP/vcfanno-annotated VCF file - /Users/sigven/research/docker/pcgr/examples/tumor_sample.COAD.pcgr.vcf.gz
[2017-03-31 23:31:05][INFO] Number of PASS variants: 3248
[2017-03-31 23:31:05][INFO] Number of SNVs: 2475
[2017-03-31 23:31:05][INFO] Number of deletions: 642
[2017-03-31 23:31:05][INFO] Number of insertions 131
[2017-03-31 23:31:05][INFO] Extending annotation descriptions related to PFAM protein domains
[2017-03-31 23:31:05][INFO] Extending annotation descriptions related to UniprotKB/SwissProt protein features
[2017-03-31 23:31:09][INFO] Extending annotation descriptions related to Database of Curated Mutations (DoCM)
[2017-03-31 23:31:11][INFO] Extending annotation descriptions related to ClinVar
[2017-03-31 23:31:12][INFO] Generating data for tiered cancer genome report
[2017-03-31 23:31:12][INFO] Number of coding variants: 2218
[2017-03-31 23:31:12][INFO] Number of noncoding variants: 1030
[2017-03-31 23:31:13][INFO] Identifying weighted contributions of known mutational signatures using deconstructSigs (n = 2475 SNVs)
[2017-03-31 23:31:53][INFO] Reading and parsing VEP/vcfanno-annotated VCF file - /Users/sigven/research/docker/pcgr/examples/tumor_sample.COAD.pcgr.vcf.gz
[2017-03-31 23:31:58][INFO] Number of PASS variants: 3248
[2017-03-31 23:31:58][INFO] Number of SNVs: 2475
[2017-03-31 23:31:58][INFO] Number of deletions: 642
[2017-03-31 23:31:58][INFO] Number of insertions 131
[2017-03-31 23:31:58][INFO] Extending annotation descriptions related to PFAM protein domains
[2017-03-31 23:31:59][INFO] Extending annotation descriptions related to UniprotKB/SwissProt protein features
[2017-03-31 23:32:02][INFO] Extending annotation descriptions related to Database of Curated Mutations (DoCM)
[2017-03-31 23:32:03][INFO] Extending annotation descriptions related to ClinVar
[2017-03-31 23:32:05][INFO] Generating data for tiered cancer genome report
[2017-03-31 23:32:05][INFO] Number of coding variants: 2218
[2017-03-31 23:32:05][INFO] Number of noncoding variants: 1030
[2017-03-31 23:32:06][INFO] Identifying weighted contributions of known mutational signatures using deconstructSigs (n = 2475 SNVs)
[2017-03-31 23:32:07][INFO] Inferred weighted contribution of S1: 0.928
[2017-03-31 23:32:07][INFO] Inferred weighted contribution of S6: 0.072
[2017-03-31 23:32:08][INFO] 47 clinical evidence item(s) found .. (1 unique variant(s)), mapping = exact
[2017-03-31 23:32:08][INFO] Underlying variant(s):
[2017-03-31 23:32:08][INFO] BRAF missense_variant p.V600E missense_variant:ENST00000288602.6:c.1799T>A:exon15:p.V600E
[2017-03-31 23:32:08][INFO] 12 clinical evidence item(s) found .. (1 unique variant(s)), mapping = codon
[2017-03-31 23:32:08][INFO] Underlying variant(s):
[2017-03-31 23:32:08][INFO] BRAF missense_variant p.V600E missense_variant:ENST00000288602.6:c.1799T>A:exon15:p.V600E
[2017-03-31 23:32:08][INFO] 0 clinical evidence item(s) found .. mapping = exon
[2017-03-31 23:32:08][INFO] Generating tiered set of result variants for output in tab-separated values (TSV) file
[2017-03-31 23:36:06][INFO] Reading and parsing VEP/vcfanno-annotated VCF file - /Users/sigven/research/docker/pcgr/examples/tumor_sample.COAD.pcgr.vcf.gz
[2017-03-31 23:36:13][INFO] Number of PASS variants: 3248
[2017-03-31 23:36:13][INFO] Number of SNVs: 2475
[2017-03-31 23:36:13][INFO] Number of deletions: 642
[2017-03-31 23:36:13][INFO] Number of insertions 131
[2017-03-31 23:36:13][INFO] Extending annotation descriptions related to PFAM protein domains
[2017-03-31 23:36:13][INFO] Extending annotation descriptions related to UniprotKB/SwissProt protein features
[2017-03-31 23:36:16][INFO] Extending annotation descriptions related to Database of Curated Mutations (DoCM)
[2017-03-31 23:36:17][INFO] Extending annotation descriptions related to ClinVar
[2017-03-31 23:36:19][INFO] Generating data for tiered cancer genome report
[2017-03-31 23:36:19][INFO] Number of coding variants: 2218
[2017-03-31 23:36:19][INFO] Number of noncoding variants: 1030
[2017-03-31 23:36:20][INFO] Identifying weighted contributions of known mutational signatures using deconstructSigs (n = 2475 SNVs)
[2017-03-31 23:36:21][INFO] Inferred weighted contribution of S1: 0.928
[2017-03-31 23:36:21][INFO] Inferred weighted contribution of S6: 0.072
[2017-03-31 23:36:21][INFO] 47 clinical evidence item(s) found .. (1 unique variant(s)), mapping = exact
[2017-03-31 23:36:21][INFO] Underlying variant(s):
[2017-03-31 23:36:21][INFO] BRAF missense_variant p.V600E missense_variant:ENST00000288602.6:c.1799T>A:exon15:p.V600E
[2017-03-31 23:36:22][INFO] 12 clinical evidence item(s) found .. (1 unique variant(s)), mapping = codon
[2017-03-31 23:36:22][INFO] Underlying variant(s):
[2017-03-31 23:36:22][INFO] BRAF missense_variant p.V600E missense_variant:ENST00000288602.6:c.1799T>A:exon15:p.V600E
[2017-03-31 23:36:22][INFO] 0 clinical evidence item(s) found .. mapping = exon
[2017-03-31 23:36:22][INFO] Generating tiered set of result variants for output in tab-separated values (TSV) file
[2017-03-31 23:38:26][INFO] Reading and parsing VEP/vcfanno-annotated VCF file - /Users/sigven/research/docker/pcgr/examples/tumor_sample.COAD.pcgr.vcf.gz
[2017-03-31 23:38:32][INFO] Number of PASS variants: 3248
[2017-03-31 23:38:32][INFO] Number of SNVs: 2475
[2017-03-31 23:38:32][INFO] Number of deletions: 642
[2017-03-31 23:38:32][INFO] Number of insertions 131
[2017-03-31 23:38:32][INFO] Extending annotation descriptions related to PFAM protein domains
[2017-03-31 23:38:32][INFO] Extending annotation descriptions related to UniprotKB/SwissProt protein features
[2017-03-31 23:38:35][INFO] Extending annotation descriptions related to Database of Curated Mutations (DoCM)
[2017-03-31 23:38:37][INFO] Extending annotation descriptions related to ClinVar
[2017-03-31 23:38:39][INFO] Generating data for tiered cancer genome report
[2017-03-31 23:38:39][INFO] Number of coding variants: 2218
[2017-03-31 23:38:39][INFO] Number of noncoding variants: 1030
[2017-03-31 23:38:40][INFO] Identifying weighted contributions of known mutational signatures using deconstructSigs (n = 2475 SNVs)
[2017-03-31 23:38:41][INFO] Inferred weighted contribution of S1: 0.928
[2017-03-31 23:38:41][INFO] Inferred weighted contribution of S6: 0.072
[2017-03-31 23:38:41][INFO] 47 clinical evidence item(s) found .. (1 unique variant(s)), mapping = exact
[2017-03-31 23:38:41][INFO] Underlying variant(s):
[2017-03-31 23:38:41][INFO] BRAF missense_variant p.V600E missense_variant:ENST00000288602.6:c.1799T>A:exon15:p.V600E
[2017-03-31 23:38:42][INFO] 12 clinical evidence item(s) found .. (1 unique variant(s)), mapping = codon
[2017-03-31 23:38:42][INFO] Underlying variant(s):
[2017-03-31 23:38:42][INFO] BRAF missense_variant p.V600E missense_variant:ENST00000288602.6:c.1799T>A:exon15:p.V600E
[2017-03-31 23:38:42][INFO] 0 clinical evidence item(s) found .. mapping = exon
[2017-03-31 23:38:42][INFO] Generating tiered set of result variants for output in tab-separated values (TSV) file
[2017-03-31 23:40:35][INFO] Reading and parsing VEP/vcfanno-annotated VCF file - /Users/sigven/research/docker/pcgr/examples/tumor_sample.COAD.pcgr.vcf.gz
[2017-03-31 23:40:42][INFO] Number of PASS variants: 3248
[2017-03-31 23:40:42][INFO] Number of SNVs: 2475
[2017-03-31 23:40:42][INFO] Number of deletions: 642
[2017-03-31 23:40:42][INFO] Number of insertions 131
[2017-03-31 23:40:42][INFO] Extending annotation descriptions related to PFAM protein domains
[2017-03-31 23:40:43][INFO] Extending annotation descriptions related to UniprotKB/SwissProt protein features
[2017-03-31 23:40:46][INFO] Extending annotation descriptions related to Database of Curated Mutations (DoCM)
[2017-03-31 23:40:47][INFO] Extending annotation descriptions related to ClinVar
[2017-03-31 23:40:50][INFO] Generating data for tiered cancer genome report
[2017-03-31 23:40:50][INFO] Number of coding variants: 2218
[2017-03-31 23:40:50][INFO] Number of noncoding variants: 1030
[2017-03-31 23:40:51][INFO] Identifying weighted contributions of known mutational signatures using deconstructSigs (n = 2475 SNVs)
[2017-03-31 23:40:52][INFO] Inferred weighted contribution of S1: 0.928
[2017-03-31 23:40:52][INFO] Inferred weighted contribution of S6: 0.072
[2017-03-31 23:40:52][INFO] 47 clinical evidence item(s) found .. (1 unique variant(s)), mapping = exact
[2017-03-31 23:40:52][INFO] Underlying variant(s):
[2017-03-31 23:40:52][INFO] BRAF missense_variant p.V600E missense_variant:ENST00000288602.6:c.1799T>A:exon15:p.V600E
[2017-03-31 23:40:52][INFO] 12 clinical evidence item(s) found .. (1 unique variant(s)), mapping = codon
[2017-03-31 23:40:52][INFO] Underlying variant(s):
[2017-03-31 23:40:52][INFO] BRAF missense_variant p.V600E missense_variant:ENST00000288602.6:c.1799T>A:exon15:p.V600E
[2017-03-31 23:40:52][INFO] 0 clinical evidence item(s) found .. mapping = exon
[2017-03-31 23:40:52][INFO] Generating tiered set of result variants for output in tab-separated values (TSV) file
[2017-03-31 23:47:07][INFO] Reading and parsing VEP/vcfanno-annotated VCF file - /Users/sigven/research/docker/pcgr/examples/tumor_sample.COAD.pcgr.vcf.gz
[2017-03-31 23:47:14][INFO] Number of PASS variants: 3248
[2017-03-31 23:47:14][INFO] Number of SNVs: 2475
[2017-03-31 23:47:14][INFO] Number of deletions: 642
[2017-03-31 23:47:14][INFO] Number of insertions 131
[2017-03-31 23:47:14][INFO] Extending annotation descriptions related to PFAM protein domains
[2017-03-31 23:47:14][INFO] Extending annotation descriptions related to UniprotKB/SwissProt protein features
[2017-03-31 23:47:17][INFO] Extending annotation descriptions related to Database of Curated Mutations (DoCM)
[2017-03-31 23:47:18][INFO] Extending annotation descriptions related to ClinVar
[2017-03-31 23:47:20][INFO] Generating data for tiered cancer genome report
[2017-03-31 23:47:20][INFO] Number of coding variants: 2218
[2017-03-31 23:47:21][INFO] Number of noncoding variants: 1030
[2017-03-31 23:47:22][INFO] Identifying weighted contributions of known mutational signatures using deconstructSigs (n = 2475 SNVs)
[2017-03-31 23:47:23][INFO] Inferred weighted contribution of S1: 0.928
[2017-03-31 23:47:23][INFO] Inferred weighted contribution of S6: 0.072
[2017-03-31 23:47:23][INFO] 47 clinical evidence item(s) found .. (1 unique variant(s)), mapping = exact
[2017-03-31 23:47:23][INFO] Underlying variant(s):
[2017-03-31 23:47:23][INFO] BRAF missense_variant p.V600E missense_variant:ENST00000288602.6:c.1799T>A:exon15:p.V600E
[2017-03-31 23:47:23][INFO] 12 clinical evidence item(s) found .. (1 unique variant(s)), mapping = codon
[2017-03-31 23:47:23][INFO] Underlying variant(s):
[2017-03-31 23:47:23][INFO] BRAF missense_variant p.V600E missense_variant:ENST00000288602.6:c.1799T>A:exon15:p.V600E
[2017-03-31 23:47:23][INFO] 0 clinical evidence item(s) found .. mapping = exon
[2017-03-31 23:47:23][INFO] Generating tiered set of result variants for output in tab-separated values (TSV) file
[2017-03-31 23:52:46][INFO] Reading and parsing VEP/vcfanno-annotated VCF file - /Users/sigven/research/docker/pcgr/examples/tumor_sample.COAD.pcgr.vcf.gz
[2017-03-31 23:52:53][INFO] Number of PASS variants: 3248
[2017-03-31 23:52:53][INFO] Number of SNVs: 2475
[2017-03-31 23:52:53][INFO] Number of deletions: 642
[2017-03-31 23:52:53][INFO] Number of insertions 131
[2017-03-31 23:52:53][INFO] Extending annotation descriptions related to PFAM protein domains
[2017-03-31 23:52:54][INFO] Extending annotation descriptions related to UniprotKB/SwissProt protein features
[2017-03-31 23:52:57][INFO] Extending annotation descriptions related to Database of Curated Mutations (DoCM)
[2017-03-31 23:52:58][INFO] Extending annotation descriptions related to ClinVar
[2017-03-31 23:53:00][INFO] Generating data for tiered cancer genome report
[2017-03-31 23:53:00][INFO] Number of coding variants: 2218
[2017-03-31 23:53:00][INFO] Number of noncoding variants: 1030
[2017-03-31 23:53:01][INFO] Identifying weighted contributions of known mutational signatures using deconstructSigs (n = 2475 SNVs)
[2017-03-31 23:53:03][INFO] Inferred weighted contribution of S1: 0.928
[2017-03-31 23:53:03][INFO] Inferred weighted contribution of S6: 0.072
[2017-03-31 23:53:03][INFO] 47 clinical evidence item(s) found .. (1 unique variant(s)), mapping = exact
[2017-03-31 23:53:03][INFO] Underlying variant(s):
[2017-03-31 23:53:03][INFO] BRAF missense_variant p.V600E missense_variant:ENST00000288602.6:c.1799T>A:exon15:p.V600E
[2017-03-31 23:53:03][INFO] 12 clinical evidence item(s) found .. (1 unique variant(s)), mapping = codon
[2017-03-31 23:53:03][INFO] Underlying variant(s):
[2017-03-31 23:53:03][INFO] BRAF missense_variant p.V600E missense_variant:ENST00000288602.6:c.1799T>A:exon15:p.V600E
[2017-03-31 23:53:03][INFO] 0 clinical evidence item(s) found .. mapping = exon
[2017-03-31 23:53:03][INFO] Generating tiered set of result variants for output in tab-separated values (TSV) file
[2017-04-01 00:21:16][INFO] Reading and parsing VEP/vcfanno-annotated VCF file - /Users/sigven/research/docker/pcgr/examples/tumor_sample.COAD.pcgr.vcf.gz
[2017-04-01 00:21:23][INFO] Number of PASS variants: 3248
[2017-04-01 00:21:23][INFO] Number of SNVs: 2475
[2017-04-01 00:21:23][INFO] Number of deletions: 642
[2017-04-01 00:21:23][INFO] Number of insertions 131
[2017-04-01 00:21:23][INFO] Extending annotation descriptions related to PFAM protein domains
[2017-04-01 00:21:23][INFO] Extending annotation descriptions related to UniprotKB/SwissProt protein features
[2017-04-01 00:21:26][INFO] Extending annotation descriptions related to Database of Curated Mutations (DoCM)
[2017-04-01 00:21:28][INFO] Extending annotation descriptions related to ClinVar
[2017-04-01 00:21:30][INFO] Generating data for tiered cancer genome report
[2017-04-01 00:21:30][INFO] Number of coding variants: 2218
[2017-04-01 00:21:30][INFO] Number of noncoding variants: 1030
[2017-04-01 00:21:31][INFO] Identifying weighted contributions of known mutational signatures using deconstructSigs (n = 2475 SNVs)
[2017-04-01 00:21:32][INFO] Inferred weighted contribution of S1: 0.928
[2017-04-01 00:21:32][INFO] Inferred weighted contribution of S6: 0.072
[2017-04-01 00:21:32][INFO] 47 clinical evidence item(s) found .. (1 unique variant(s)), mapping = exact
[2017-04-01 00:21:32][INFO] Underlying variant(s):
[2017-04-01 00:21:32][INFO] BRAF missense_variant p.V600E missense_variant:ENST00000288602.6:c.1799T>A:exon15:p.V600E
[2017-04-01 00:21:33][INFO] 12 clinical evidence item(s) found .. (1 unique variant(s)), mapping = codon
[2017-04-01 00:21:33][INFO] Underlying variant(s):
[2017-04-01 00:21:33][INFO] BRAF missense_variant p.V600E missense_variant:ENST00000288602.6:c.1799T>A:exon15:p.V600E
[2017-04-01 00:21:33][INFO] 0 clinical evidence item(s) found .. mapping = exon
[2017-04-01 00:21:33][INFO] Generating tiered set of result variants for output in tab-separated values (TSV) file
[2017-04-01 00:22:50][INFO] Reading and parsing VEP/vcfanno-annotated VCF file - /Users/sigven/research/docker/pcgr/examples/tumor_sample.COAD.pcgr.vcf.gz
[2017-04-01 00:22:57][INFO] Number of PASS variants: 3248
[2017-04-01 00:22:57][INFO] Number of SNVs: 2475
[2017-04-01 00:22:57][INFO] Number of deletions: 642
[2017-04-01 00:22:57][INFO] Number of insertions 131
[2017-04-01 00:22:57][INFO] Extending annotation descriptions related to PFAM protein domains
[2017-04-01 00:22:57][INFO] Extending annotation descriptions related to UniprotKB/SwissProt protein features
[2017-04-01 00:23:00][INFO] Extending annotation descriptions related to Database of Curated Mutations (DoCM)
[2017-04-01 00:23:01][INFO] Extending annotation descriptions related to ClinVar
[2017-04-01 00:23:04][INFO] Generating data for tiered cancer genome report
[2017-04-01 00:23:04][INFO] Number of coding variants: 2218
[2017-04-01 00:23:04][INFO] Number of noncoding variants: 1030
[2017-04-01 00:23:05][INFO] Identifying weighted contributions of known mutational signatures using deconstructSigs (n = 2475 SNVs)
[2017-04-01 00:23:06][INFO] Inferred weighted contribution of S1: 0.928
[2017-04-01 00:23:06][INFO] Inferred weighted contribution of S6: 0.072
[2017-04-01 00:23:06][INFO] 47 clinical evidence item(s) found .. (1 unique variant(s)), mapping = exact
[2017-04-01 00:23:06][INFO] Underlying variant(s):
[2017-04-01 00:23:06][INFO] BRAF missense_variant p.V600E missense_variant:ENST00000288602.6:c.1799T>A:exon15:p.V600E
[2017-04-01 00:23:06][INFO] 12 clinical evidence item(s) found .. (1 unique variant(s)), mapping = codon
[2017-04-01 00:23:06][INFO] Underlying variant(s):
[2017-04-01 00:23:06][INFO] BRAF missense_variant p.V600E missense_variant:ENST00000288602.6:c.1799T>A:exon15:p.V600E
[2017-04-01 00:23:06][INFO] 0 clinical evidence item(s) found .. mapping = exon
[2017-04-01 00:23:07][INFO] Generating tiered set of result variants for output in tab-separated values (TSV) file
[2017-04-01 00:25:07][INFO] Reading and parsing VEP/vcfanno-annotated VCF file - /Users/sigven/research/docker/pcgr/examples/tumor_sample.COAD.pcgr.vcf.gz
[2017-04-01 00:25:13][INFO] Number of PASS variants: 3248
[2017-04-01 00:25:13][INFO] Number of SNVs: 2475
[2017-04-01 00:25:13][INFO] Number of deletions: 642
[2017-04-01 00:25:13][INFO] Number of insertions 131
[2017-04-01 00:25:13][INFO] Extending annotation descriptions related to PFAM protein domains
[2017-04-01 00:25:14][INFO] Extending annotation descriptions related to UniprotKB/SwissProt protein features
[2017-04-01 00:25:16][INFO] Extending annotation descriptions related to Database of Curated Mutations (DoCM)
[2017-04-01 00:25:18][INFO] Extending annotation descriptions related to ClinVar
[2017-04-01 00:25:20][INFO] Generating data for tiered cancer genome report
[2017-04-01 00:25:20][INFO] Number of coding variants: 2218
[2017-04-01 00:25:20][INFO] Number of noncoding variants: 1030
[2017-04-01 00:25:21][INFO] Identifying weighted contributions of known mutational signatures using deconstructSigs (n = 2475 SNVs)
[2017-04-01 00:25:21][INFO] Inferred weighted contribution of S1: 0.928
[2017-04-01 00:25:22][INFO] Inferred weighted contribution of S6: 0.072
[2017-04-01 00:25:22][INFO] 47 clinical evidence item(s) found .. (1 unique variant(s)), mapping = exact
[2017-04-01 00:25:22][INFO] Underlying variant(s):
[2017-04-01 00:25:22][INFO] BRAF missense_variant p.V600E missense_variant:ENST00000288602.6:c.1799T>A:exon15:p.V600E
[2017-04-01 00:25:22][INFO] 12 clinical evidence item(s) found .. (1 unique variant(s)), mapping = codon
[2017-04-01 00:25:22][INFO] Underlying variant(s):
[2017-04-01 00:25:22][INFO] BRAF missense_variant p.V600E missense_variant:ENST00000288602.6:c.1799T>A:exon15:p.V600E
[2017-04-01 00:25:22][INFO] 0 clinical evidence item(s) found .. mapping = exon
[2017-04-01 00:25:22][INFO] Generating tiered set of result variants for output in tab-separated values (TSV) file
[2017-04-01 00:27:05][INFO] Reading and parsing VEP/vcfanno-annotated VCF file - /Users/sigven/research/docker/pcgr/examples/tumor_sample.COAD.pcgr.vcf.gz
[2017-04-01 00:27:11][INFO] Number of PASS variants: 3248
[2017-04-01 00:27:12][INFO] Number of SNVs: 2475
[2017-04-01 00:27:12][INFO] Number of deletions: 642
[2017-04-01 00:27:12][INFO] Number of insertions 131
[2017-04-01 00:27:12][INFO] Extending annotation descriptions related to PFAM protein domains
[2017-04-01 00:27:12][INFO] Extending annotation descriptions related to UniprotKB/SwissProt protein features
[2017-04-01 00:27:15][INFO] Extending annotation descriptions related to Database of Curated Mutations (DoCM)
[2017-04-01 00:27:17][INFO] Extending annotation descriptions related to ClinVar
[2017-04-01 00:27:19][INFO] Generating data for tiered cancer genome report
[2017-04-01 00:27:19][INFO] Number of coding variants: 2218
[2017-04-01 00:27:19][INFO] Number of noncoding variants: 1030
[2017-04-01 00:27:19][INFO] Identifying weighted contributions of known mutational signatures using deconstructSigs (n = 2475 SNVs)
[2017-04-01 00:27:20][INFO] Inferred weighted contribution of S1: 0.928
[2017-04-01 00:27:20][INFO] Inferred weighted contribution of S6: 0.072
[2017-04-01 00:27:20][INFO] 47 clinical evidence item(s) found .. (1 unique variant(s)), mapping = exact
[2017-04-01 00:27:20][INFO] Underlying variant(s):
[2017-04-01 00:27:20][INFO] BRAF missense_variant p.V600E missense_variant:ENST00000288602.6:c.1799T>A:exon15:p.V600E
[2017-04-01 00:27:20][INFO] 12 clinical evidence item(s) found .. (1 unique variant(s)), mapping = codon
[2017-04-01 00:27:20][INFO] Underlying variant(s):
[2017-04-01 00:27:20][INFO] BRAF missense_variant p.V600E missense_variant:ENST00000288602.6:c.1799T>A:exon15:p.V600E
[2017-04-01 00:27:20][INFO] 0 clinical evidence item(s) found .. mapping = exon
[2017-04-01 00:27:21][INFO] Generating tiered set of result variants for output in tab-separated values (TSV) file
[2017-04-01 00:31:13][INFO] Reading and parsing VEP/vcfanno-annotated VCF file - /Users/sigven/research/docker/pcgr/examples/tumor_sample.COAD.pcgr.vcf.gz
[2017-04-01 00:31:20][INFO] Number of PASS variants: 3248
[2017-04-01 00:31:20][INFO] Number of SNVs: 2475
[2017-04-01 00:31:20][INFO] Number of deletions: 642
[2017-04-01 00:31:20][INFO] Number of insertions 131
[2017-04-01 00:31:20][INFO] Extending annotation descriptions related to PFAM protein domains
[2017-04-01 00:31:20][INFO] Extending annotation descriptions related to UniprotKB/SwissProt protein features
[2017-04-01 00:31:23][INFO] Extending annotation descriptions related to Database of Curated Mutations (DoCM)
[2017-04-01 00:31:24][INFO] Extending annotation descriptions related to ClinVar
[2017-04-01 00:31:26][INFO] Generating data for tiered cancer genome report
[2017-04-01 00:31:26][INFO] Number of coding variants: 2218
[2017-04-01 00:31:26][INFO] Number of noncoding variants: 1030
[2017-04-01 00:31:27][INFO] Identifying weighted contributions of known mutational signatures using deconstructSigs (n = 2475 SNVs)
[2017-04-01 00:31:29][INFO] Inferred weighted contribution of S1: 0.928
[2017-04-01 00:31:29][INFO] Inferred weighted contribution of S6: 0.072
[2017-04-01 00:31:29][INFO] 47 clinical evidence item(s) found .. (1 unique variant(s)), mapping = exact
[2017-04-01 00:31:29][INFO] Underlying variant(s):
[2017-04-01 00:31:29][INFO] BRAF missense_variant p.V600E missense_variant:ENST00000288602.6:c.1799T>A:exon15:p.V600E
[2017-04-01 00:31:29][INFO] 12 clinical evidence item(s) found .. (1 unique variant(s)), mapping = codon
[2017-04-01 00:31:29][INFO] Underlying variant(s):
[2017-04-01 00:31:29][INFO] BRAF missense_variant p.V600E missense_variant:ENST00000288602.6:c.1799T>A:exon15:p.V600E
[2017-04-01 00:31:29][INFO] 0 clinical evidence item(s) found .. mapping = exon
[2017-04-01 00:31:29][INFO] Generating tiered set of result variants for output in tab-separated values (TSV) file
[2017-04-01 15:33:58][INFO] Reading and parsing VEP/vcfanno-annotated VCF file - /Users/sigven/research/docker/pcgr/examples/tumor_sample.COAD.pcgr.vcf.gz
[2017-04-01 15:34:04][INFO] Number of PASS variants: 3248
[2017-04-01 15:34:04][INFO] Number of SNVs: 2475
[2017-04-01 15:34:04][INFO] Number of deletions: 642
[2017-04-01 15:34:04][INFO] Number of insertions 131
[2017-04-01 15:34:04][INFO] Extending annotation descriptions related to PFAM protein domains
[2017-04-01 15:34:05][INFO] Extending annotation descriptions related to UniprotKB/SwissProt protein features
[2017-04-01 15:34:07][INFO] Extending annotation descriptions related to Database of Curated Mutations (DoCM)
[2017-04-01 15:34:09][INFO] Extending annotation descriptions related to ClinVar
[2017-04-01 15:34:11][INFO] Generating data for tiered cancer genome report
[2017-04-01 15:34:11][INFO] Number of coding variants: 2218
[2017-04-01 15:34:11][INFO] Number of noncoding variants: 1030
[2017-04-01 15:34:12][INFO] Identifying weighted contributions of known mutational signatures using deconstructSigs (n = 2475 SNVs)
[2017-04-01 15:34:13][INFO] Inferred weighted contribution of S1: 0.928
[2017-04-01 15:34:13][INFO] Inferred weighted contribution of S6: 0.072
[2017-04-01 15:34:13][INFO] 47 clinical evidence item(s) found .. (1 unique variant(s)), mapping = exact
[2017-04-01 15:34:13][INFO] Underlying variant(s):
[2017-04-01 15:34:13][INFO] BRAF missense_variant p.V600E missense_variant:ENST00000288602.6:c.1799T>A:exon15:p.V600E
[2017-04-01 15:34:13][INFO] 12 clinical evidence item(s) found .. (1 unique variant(s)), mapping = codon
[2017-04-01 15:34:13][INFO] Underlying variant(s):
[2017-04-01 15:34:13][INFO] BRAF missense_variant p.V600E missense_variant:ENST00000288602.6:c.1799T>A:exon15:p.V600E
[2017-04-01 15:34:13][INFO] 0 clinical evidence item(s) found .. mapping = exon
[2017-04-01 15:34:13][INFO] Generating tiered set of result variants for output in tab-separated values (TSV) file
[2017-04-01 15:55:44][INFO] Reading and parsing VEP/vcfanno-annotated VCF file - /Users/sigven/research/docker/pcgr/examples/tumor_sample.COAD.pcgr.vcf.gz
[2017-04-01 15:55:51][INFO] Number of PASS variants: 3248
[2017-04-01 15:55:51][INFO] Number of SNVs: 2475
[2017-04-01 15:55:51][INFO] Number of deletions: 642
[2017-04-01 15:55:51][INFO] Number of insertions 131
[2017-04-01 15:55:51][INFO] Extending annotation descriptions related to PFAM protein domains
[2017-04-01 15:55:52][INFO] Extending annotation descriptions related to UniprotKB/SwissProt protein features
[2017-04-01 15:55:54][INFO] Extending annotation descriptions related to Database of Curated Mutations (DoCM)
[2017-04-01 15:55:56][INFO] Extending annotation descriptions related to ClinVar
[2017-04-01 15:55:58][INFO] Generating data for tiered cancer genome report
[2017-04-01 15:55:58][INFO] Number of coding variants: 2218
[2017-04-01 15:55:58][INFO] Number of noncoding variants: 1030
[2017-04-01 15:55:59][INFO] Identifying weighted contributions of known mutational signatures using deconstructSigs (n = 2475 SNVs)
[2017-04-01 15:56:00][INFO] Inferred weighted contribution of S1: 0.928
[2017-04-01 15:56:00][INFO] Inferred weighted contribution of S6: 0.072
[2017-04-01 15:56:00][INFO] 47 clinical evidence item(s) found .. (1 unique variant(s)), mapping = exact
[2017-04-01 15:56:00][INFO] Underlying variant(s):
[2017-04-01 15:56:00][INFO] BRAF missense_variant p.V600E missense_variant:ENST00000288602.6:c.1799T>A:exon15:p.V600E
[2017-04-01 15:56:00][INFO] 12 clinical evidence item(s) found .. (1 unique variant(s)), mapping = codon
[2017-04-01 15:56:00][INFO] Underlying variant(s):
[2017-04-01 15:56:00][INFO] BRAF missense_variant p.V600E missense_variant:ENST00000288602.6:c.1799T>A:exon15:p.V600E
[2017-04-01 15:56:00][INFO] 0 clinical evidence item(s) found .. mapping = exon
[2017-04-01 15:56:00][INFO] Generating tiered set of result variants for output in tab-separated values (TSV) file
[2017-04-01 15:57:51][STOP] File /Users/sigven/research/docker/examples/tumor_sample.BRCA.pcgr.vcf.gz does not exist or has zero size
[2017-04-01 15:58:20][INFO] Reading and parsing VEP/vcfanno-annotated VCF file - /Users/sigven/research/docker/pcgr/examples/tumor_sample.BRCA.pcgr.vcf.gz
[2017-04-01 15:58:22][INFO] Number of PASS variants: 199
[2017-04-01 15:58:22][INFO] Number of SNVs: 195
[2017-04-01 15:58:22][INFO] Number of deletions: 4
[2017-04-01 15:58:22][INFO] Number of insertions 0
[2017-04-01 15:58:22][INFO] Extending annotation descriptions related to PFAM protein domains
[2017-04-01 15:58:22][INFO] Extending annotation descriptions related to UniprotKB/SwissProt protein features
[2017-04-01 15:58:24][INFO] Extending annotation descriptions related to Database of Curated Mutations (DoCM)
[2017-04-01 15:58:26][INFO] Extending annotation descriptions related to ClinVar
[2017-04-01 15:58:26][INFO] Generating data for tiered cancer genome report
[2017-04-01 15:58:26][INFO] Number of coding variants: 139
[2017-04-01 15:58:26][INFO] Number of noncoding variants: 60
[2017-04-01 15:58:26][INFO] Identifying weighted contributions of known mutational signatures using deconstructSigs (n = 195 SNVs)
[2017-04-01 15:58:28][INFO] Inferred weighted contribution of S1: 0.456
[2017-04-01 15:58:28][INFO] Inferred weighted contribution of S2: 0.098
[2017-04-01 15:58:28][INFO] Inferred weighted contribution of S7: 0.167
[2017-04-01 15:58:28][INFO] Inferred weighted contribution of S13: 0.279
[2017-04-01 15:58:28][INFO] 13 clinical evidence item(s) found .. (1 unique variant(s)), mapping = exact
[2017-04-01 15:58:28][INFO] Underlying variant(s):
[2017-04-01 15:58:28][INFO] PIK3CA missense_variant p.H1047R missense_variant:ENST00000263967.3:c.3140A>G:exon21:p.H1047R
[2017-04-01 15:58:28][INFO] 0 clinical evidence item(s) found .. mapping = codon
[2017-04-01 15:58:28][INFO] 1 clinical evidence item(s) found .. (1 unique variant(s)), mapping = exon
[2017-04-01 15:58:28][INFO] Underlying variant(s):
[2017-04-01 15:58:28][INFO] PIK3CA missense_variant p.H1047R missense_variant:ENST00000263967.3:c.3140A>G:exon21:p.H1047R
[2017-04-01 15:58:28][INFO] Generating tiered set of result variants for output in tab-separated values (TSV) file
[2017-04-01 16:10:04][INFO] Reading and parsing VEP/vcfanno-annotated VCF file - /Users/sigven/research/docker/pcgr/examples/tumor_sample.BRCA.pcgr.vcf.gz
[2017-04-01 16:10:06][INFO] Number of PASS variants: 199
[2017-04-01 16:10:06][INFO] Number of SNVs: 195
[2017-04-01 16:10:06][INFO] Number of deletions: 4
[2017-04-01 16:10:06][INFO] Number of insertions 0
[2017-04-01 16:10:06][INFO] Extending annotation descriptions related to PFAM protein domains
[2017-04-01 16:10:06][INFO] Extending annotation descriptions related to UniprotKB/SwissProt protein features
[2017-04-01 16:10:09][INFO] Extending annotation descriptions related to Database of Curated Mutations (DoCM)
[2017-04-01 16:10:11][INFO] Extending annotation descriptions related to ClinVar
[2017-04-01 16:10:12][INFO] Generating data for tiered cancer genome report
[2017-04-01 16:10:12][INFO] Number of coding variants: 139
[2017-04-01 16:10:12][INFO] Number of noncoding variants: 60
[2017-04-01 16:10:12][INFO] Identifying weighted contributions of known mutational signatures using deconstructSigs (n = 195 SNVs)
[2017-04-01 16:10:13][INFO] Inferred weighted contribution of S1: 0.456
[2017-04-01 16:10:13][INFO] Inferred weighted contribution of S2: 0.098
[2017-04-01 16:10:13][INFO] Inferred weighted contribution of S7: 0.167
[2017-04-01 16:10:13][INFO] Inferred weighted contribution of S13: 0.279
[2017-04-01 16:10:13][INFO] 13 clinical evidence item(s) found .. (1 unique variant(s)), mapping = exact
[2017-04-01 16:10:13][INFO] Underlying variant(s):
[2017-04-01 16:10:13][INFO] PIK3CA missense_variant p.H1047R missense_variant:ENST00000263967.3:c.3140A>G:exon21:p.H1047R
[2017-04-01 16:10:14][INFO] 0 clinical evidence item(s) found .. mapping = codon
[2017-04-01 16:10:14][INFO] 1 clinical evidence item(s) found .. (1 unique variant(s)), mapping = exon
[2017-04-01 16:10:14][INFO] Underlying variant(s):
[2017-04-01 16:10:14][INFO] PIK3CA missense_variant p.H1047R missense_variant:ENST00000263967.3:c.3140A>G:exon21:p.H1047R
[2017-04-01 16:10:14][INFO] Generating tiered set of result variants for output in tab-separated values (TSV) file
[2017-04-01 23:13:23][INFO] Reading and parsing VEP/vcfanno-annotated VCF file - /Users/sigven/research/docker/pcgr/examples/tumor_sample.BRCA.pcgr.vcf.gz
[2017-04-01 23:13:28][INFO] Number of PASS variants: 199
[2017-04-01 23:13:28][INFO] Number of SNVs: 195
[2017-04-01 23:13:28][INFO] Number of deletions: 4
[2017-04-01 23:13:28][INFO] Number of insertions 0
[2017-04-01 23:13:28][INFO] Extending annotation descriptions related to PFAM protein domains
[2017-04-01 23:13:28][INFO] Extending annotation descriptions related to UniprotKB/SwissProt protein features
[2017-04-01 23:13:31][INFO] Extending annotation descriptions related to Database of Curated Mutations (DoCM)
[2017-04-01 23:13:33][INFO] Extending annotation descriptions related to ClinVar
[2017-04-01 23:13:34][INFO] Generating data for tiered cancer genome report
[2017-04-01 23:13:34][INFO] Number of coding variants: 139
[2017-04-01 23:13:34][INFO] Number of noncoding variants: 60
[2017-04-01 23:13:34][INFO] Identifying weighted contributions of known mutational signatures using deconstructSigs (n = 195 SNVs)
[2017-04-01 23:13:36][INFO] Inferred weighted contribution of S1: 0.456
[2017-04-01 23:13:36][INFO] Inferred weighted contribution of S2: 0.098
[2017-04-01 23:13:36][INFO] Inferred weighted contribution of S7: 0.167
[2017-04-01 23:13:36][INFO] Inferred weighted contribution of S13: 0.279
[2017-04-01 23:13:36][INFO] 13 clinical evidence item(s) found .. (1 unique variant(s)), mapping = exact
[2017-04-01 23:13:36][INFO] Underlying variant(s):
[2017-04-01 23:13:36][INFO] PIK3CA missense_variant p.H1047R missense_variant:ENST00000263967.3:c.3140A>G:exon21:p.H1047R
[2017-04-01 23:13:36][INFO] 0 clinical evidence item(s) found .. mapping = codon
[2017-04-01 23:13:36][INFO] 1 clinical evidence item(s) found .. (1 unique variant(s)), mapping = exon
[2017-04-01 23:13:36][INFO] Underlying variant(s):
[2017-04-01 23:13:36][INFO] PIK3CA missense_variant p.H1047R missense_variant:ENST00000263967.3:c.3140A>G:exon21:p.H1047R
[2017-04-01 23:13:36][INFO] Generating tiered set of result variants for output in tab-separated values (TSV) file
[2017-04-01 23:13:36][INFO] Annotation of copy number segment file /Users/sigven/research/docker/pcgr/examples/tumor_sample.BRCA.cna.tsv
[2017-04-01 23:13:51][INFO] Detected 156 segments subject to amplification/deletion
[2017-04-01 23:13:51][INFO] Detected proto-oncogene(s) subject to amplification (log(2) ratio >= 0.8): RARA, ERBB2, PHB, SPOP
[2017-04-01 23:28:35][INFO] Reading and parsing VEP/vcfanno-annotated VCF file - /Users/sigven/research/docker/pcgr/examples/tumor_sample.BRCA.pcgr.vcf.gz
[2017-04-01 23:28:38][INFO] Number of PASS variants: 199
[2017-04-01 23:28:38][INFO] Number of SNVs: 195
[2017-04-01 23:28:38][INFO] Number of deletions: 4
[2017-04-01 23:28:38][INFO] Number of insertions 0
[2017-04-01 23:28:38][INFO] Extending annotation descriptions related to PFAM protein domains
[2017-04-01 23:28:38][INFO] Extending annotation descriptions related to UniprotKB/SwissProt protein features
[2017-04-01 23:28:40][INFO] Extending annotation descriptions related to Database of Curated Mutations (DoCM)
[2017-04-01 23:28:42][INFO] Extending annotation descriptions related to ClinVar
[2017-04-01 23:28:42][INFO] Generating data for tiered cancer genome report
[2017-04-01 23:28:42][INFO] Number of coding variants: 139
[2017-04-01 23:28:42][INFO] Number of noncoding variants: 60
[2017-04-01 23:28:42][INFO] Identifying weighted contributions of known mutational signatures using deconstructSigs (n = 195 SNVs)
[2017-04-01 23:28:44][INFO] Inferred weighted contribution of S1: 0.456
[2017-04-01 23:28:44][INFO] Inferred weighted contribution of S2: 0.098
[2017-04-01 23:28:44][INFO] Inferred weighted contribution of S7: 0.167
[2017-04-01 23:28:44][INFO] Inferred weighted contribution of S13: 0.279
[2017-04-01 23:28:44][INFO] 13 clinical evidence item(s) found .. (1 unique variant(s)), mapping = exact
[2017-04-01 23:28:44][INFO] Underlying variant(s):
[2017-04-01 23:28:44][INFO] PIK3CA missense_variant p.H1047R missense_variant:ENST00000263967.3:c.3140A>G:exon21:p.H1047R
[2017-04-01 23:28:44][INFO] 0 clinical evidence item(s) found .. mapping = codon
[2017-04-01 23:28:44][INFO] 1 clinical evidence item(s) found .. (1 unique variant(s)), mapping = exon
[2017-04-01 23:28:44][INFO] Underlying variant(s):
[2017-04-01 23:28:44][INFO] PIK3CA missense_variant p.H1047R missense_variant:ENST00000263967.3:c.3140A>G:exon21:p.H1047R
[2017-04-01 23:28:44][INFO] Generating tiered set of result variants for output in tab-separated values (TSV) file
[2017-04-01 23:28:44][INFO] Annotation of copy number segment file /Users/sigven/research/docker/pcgr/examples/tumor_sample.BRCA.cna.tsv
[2017-04-01 23:28:58][INFO] Detected 156 segments subject to amplification/deletion
[2017-04-01 23:28:58][INFO] Detected proto-oncogene(s) subject to amplification (log(2) ratio >= 0.8): RARA, ERBB2, PHB, SPOP
[2017-04-01 23:31:49][INFO] Reading and parsing VEP/vcfanno-annotated VCF file - /Users/sigven/research/docker/pcgr/examples/tumor_sample.BRCA.pcgr.vcf.gz
[2017-04-01 23:31:54][INFO] Number of PASS variants: 199
[2017-04-01 23:31:54][INFO] Number of SNVs: 195
[2017-04-01 23:31:54][INFO] Number of deletions: 4
[2017-04-01 23:31:54][INFO] Number of insertions 0
[2017-04-01 23:31:55][INFO] Extending annotation descriptions related to PFAM protein domains
[2017-04-01 23:31:55][INFO] Extending annotation descriptions related to UniprotKB/SwissProt protein features
[2017-04-01 23:31:57][INFO] Extending annotation descriptions related to Database of Curated Mutations (DoCM)
[2017-04-01 23:31:59][INFO] Extending annotation descriptions related to ClinVar
[2017-04-01 23:32:00][INFO] Generating data for tiered cancer genome report
[2017-04-01 23:32:00][INFO] Number of coding variants: 139
[2017-04-01 23:32:00][INFO] Number of noncoding variants: 60
[2017-04-01 23:32:00][INFO] Identifying weighted contributions of known mutational signatures using deconstructSigs (n = 195 SNVs)
[2017-04-01 23:32:01][INFO] Inferred weighted contribution of S1: 0.456
[2017-04-01 23:32:01][INFO] Inferred weighted contribution of S2: 0.098
[2017-04-01 23:32:01][INFO] Inferred weighted contribution of S7: 0.167
[2017-04-01 23:32:01][INFO] Inferred weighted contribution of S13: 0.279
[2017-04-01 23:32:01][INFO] 13 clinical evidence item(s) found .. (1 unique variant(s)), mapping = exact
[2017-04-01 23:32:01][INFO] Underlying variant(s):
[2017-04-01 23:32:01][INFO] PIK3CA missense_variant p.H1047R missense_variant:ENST00000263967.3:c.3140A>G:exon21:p.H1047R
[2017-04-01 23:32:01][INFO] 0 clinical evidence item(s) found .. mapping = codon
[2017-04-01 23:32:01][INFO] 1 clinical evidence item(s) found .. (1 unique variant(s)), mapping = exon
[2017-04-01 23:32:01][INFO] Underlying variant(s):
[2017-04-01 23:32:01][INFO] PIK3CA missense_variant p.H1047R missense_variant:ENST00000263967.3:c.3140A>G:exon21:p.H1047R
[2017-04-01 23:32:01][INFO] Generating tiered set of result variants for output in tab-separated values (TSV) file
[2017-04-01 23:32:01][INFO] Annotation of copy number segment file /Users/sigven/research/docker/pcgr/examples/tumor_sample.BRCA.cna.tsv
[2017-04-01 23:32:14][INFO] Detected 156 segments subject to amplification/deletion
[2017-04-01 23:32:14][INFO] Detected proto-oncogene(s) subject to amplification (log(2) ratio >= 0.8): RARA, ERBB2, PHB, SPOP
[2017-04-01 23:36:30][INFO] Reading and parsing VEP/vcfanno-annotated VCF file - /Users/sigven/research/docker/pcgr/examples/tumor_sample.BRCA.pcgr.vcf.gz
[2017-04-01 23:36:34][INFO] Number of PASS variants: 199
[2017-04-01 23:36:34][INFO] Number of SNVs: 195
[2017-04-01 23:36:34][INFO] Number of deletions: 4
[2017-04-01 23:36:34][INFO] Number of insertions 0
[2017-04-01 23:36:34][INFO] Extending annotation descriptions related to PFAM protein domains
[2017-04-01 23:36:34][INFO] Extending annotation descriptions related to UniprotKB/SwissProt protein features
[2017-04-01 23:36:37][INFO] Extending annotation descriptions related to Database of Curated Mutations (DoCM)
[2017-04-01 23:36:40][INFO] Extending annotation descriptions related to ClinVar
[2017-04-01 23:36:40][INFO] Generating data for tiered cancer genome report
[2017-04-01 23:36:40][INFO] Number of coding variants: 139
[2017-04-01 23:36:40][INFO] Number of noncoding variants: 60
[2017-04-01 23:36:40][INFO] Identifying weighted contributions of known mutational signatures using deconstructSigs (n = 195 SNVs)
[2017-04-01 23:36:41][INFO] Inferred weighted contribution of S1: 0.456
[2017-04-01 23:36:41][INFO] Inferred weighted contribution of S2: 0.098
[2017-04-01 23:36:41][INFO] Inferred weighted contribution of S7: 0.167
[2017-04-01 23:36:41][INFO] Inferred weighted contribution of S13: 0.279
[2017-04-01 23:36:41][INFO] 13 clinical evidence item(s) found .. (1 unique variant(s)), mapping = exact
[2017-04-01 23:36:41][INFO] Underlying variant(s):
[2017-04-01 23:36:41][INFO] PIK3CA missense_variant p.H1047R missense_variant:ENST00000263967.3:c.3140A>G:exon21:p.H1047R
[2017-04-01 23:36:41][INFO] 0 clinical evidence item(s) found .. mapping = codon
[2017-04-01 23:36:41][INFO] 1 clinical evidence item(s) found .. (1 unique variant(s)), mapping = exon
[2017-04-01 23:36:41][INFO] Underlying variant(s):
[2017-04-01 23:36:41][INFO] PIK3CA missense_variant p.H1047R missense_variant:ENST00000263967.3:c.3140A>G:exon21:p.H1047R
[2017-04-01 23:36:41][INFO] Generating tiered set of result variants for output in tab-separated values (TSV) file
[2017-04-01 23:36:42][INFO] Annotation of copy number segment file /Users/sigven/research/docker/pcgr/examples/tumor_sample.BRCA.cna.tsv
[2017-04-01 23:36:55][INFO] Detected 156 segments subject to amplification/deletion
[2017-04-01 23:36:55][INFO] Detected proto-oncogene(s) subject to amplification (log(2) ratio >= 0.8): RARA, ERBB2, PHB, SPOP
